22:26:48.692 [main] INFO  com.intuit.karate.Suite - backed up existing 'target\karate-reports' dir to: target\karate-reports_1675270608690
22:26:53.949 [chrome_1675270609477] WARN  com.intuit.karate.shell.Command - exit code was non-zero: 1 - [C:\Program Files\Google\Chrome\Application\chrome.exe, --remote-debugging-port=9222, --no-first-run, --user-data-dir=C:\Users\anshulsonpure\eclipse-workspace\KarateUIAutomation\target\chrome_1675270609477, --disable-popup-blocking] working dir: target\chrome_1675270609477
22:26:54.455 [main] INFO  com.intuit.karate.Suite - <<pass>> feature 1 of 1 (0 remaining) src/test/java/testScripts/LaunchApp.feature
11:52:09.640 [main] INFO  com.intuit.karate.Suite - backed up existing 'target\karate-reports' dir to: target\karate-reports_1675318929639
11:52:29.081 [chrome_1675318930791] WARN  com.intuit.karate.shell.Command - exit code was non-zero: 1 - [C:\Program Files\Google\Chrome\Application\chrome.exe, --remote-debugging-port=9222, --no-first-run, --user-data-dir=C:\Users\anshulsonpure\eclipse-workspace\KarateUIAutomation\target\chrome_1675318930791, --disable-popup-blocking] working dir: target\chrome_1675318930791
11:52:30.333 [main] INFO  com.intuit.karate.Suite - <<pass>> feature 1 of 1 (0 remaining) src/test/java/testScripts/WebElements.feature
14:05:22.397 [main] INFO  com.intuit.karate.Suite - backed up existing 'target\karate-reports' dir to: target\karate-reports_1675326922395
14:05:30.839 [nioEventLoopGroup-2-1] WARN  c.intuit.karate.driver.DriverOptions - devtools error: [id: 9, sessionId: 3BD62B86EA74A9B1D4CBE1BDD93808E8, result: [type: MAP, value: {type=object, subtype=error, className=TypeError, description=TypeError: Cannot read properties of null (reading 'options')
    at <anonymous>:1:103
    at <anonymous>:1:226, objectId=171475584146312466.1.5}]]
14:05:30.840 [main] WARN  c.intuit.karate.driver.DriverOptions - js eval failed once:(function(){ var e = document.querySelector("select[id=state]"); var t = "NCR"; for (var i = 0; i < e.options.length; ++i) if (e.options[i].text === t) { e.options[i].selected = true; e.dispatchEvent(new Event('change')) } })(), error: [type: MAP, value: {type=object, subtype=error, className=TypeError, description=TypeError: Cannot read properties of null (reading 'options')
    at <anonymous>:1:103
    at <anonymous>:1:226, objectId=171475584146312466.1.5}]
14:05:33.847 [nioEventLoopGroup-2-1] WARN  c.intuit.karate.driver.DriverOptions - devtools error: [id: 10, sessionId: 3BD62B86EA74A9B1D4CBE1BDD93808E8, result: [type: MAP, value: {type=object, subtype=error, className=TypeError, description=TypeError: Cannot read properties of null (reading 'options')
    at <anonymous>:1:103
    at <anonymous>:1:226, objectId=171475584146312466.1.7}]]
14:05:33.848 [main] ERROR c.intuit.karate.driver.DriverOptions - js eval failed twice:(function(){ var e = document.querySelector("select[id=state]"); var t = "NCR"; for (var i = 0; i < e.options.length; ++i) if (e.options[i].text === t) { e.options[i].selected = true; e.dispatchEvent(new Event('change')) } })(), error: [type: MAP, value: {type=object, subtype=error, className=TypeError, description=TypeError: Cannot read properties of null (reading 'options')
    at <anonymous>:1:103
    at <anonymous>:1:226, objectId=171475584146312466.1.7}]
14:05:33.879 [main] ERROR com.intuit.karate - src/test/java/testScripts/DropDown.feature:13
And select('select[id=state]', '{}NCR')
js failed:
>>>>
01: select('select[id=state]', '{}NCR')
<<<<
org.graalvm.polyglot.PolyglotException: js eval failed twice:(function(){ var e = document.querySelector("select[id=state]"); var t = "NCR"; for (var i = 0; i < e.options.length; ++i) if (e.options[i].text === t) { e.options[i].selected = true; e.dispatchEvent(new Event('change')) } })(), error: [type: MAP, value: {type=object, subtype=error, className=TypeError, description=TypeError: Cannot read properties of null (reading 'options')
    at <anonymous>:1:103
    at <anonymous>:1:226, objectId=171475584146312466.1.7}]
- com.intuit.karate.driver.DevToolsDriver.evalInternal(DevToolsDriver.java:348)
- com.intuit.karate.driver.DevToolsDriver.eval(DevToolsDriver.java:322)
- com.intuit.karate.driver.DevToolsDriver.select(DevToolsDriver.java:557)
- <js>.:anonymous(Unnamed:1)

src/test/java/testScripts/DropDown.feature:13
14:05:34.303 [chrome_1675326923190] WARN  com.intuit.karate.shell.Command - exit code was non-zero: 1 - [C:\Program Files\Google\Chrome\Application\chrome.exe, --remote-debugging-port=9222, --no-first-run, --user-data-dir=C:\Users\anshulsonpure\eclipse-workspace\KarateUIAutomation\target\chrome_1675326923190, --disable-popup-blocking] working dir: target\chrome_1675326923190
14:05:35.749 [main] INFO  com.intuit.karate.Suite - <<fail>> feature 1 of 1 (0 remaining) src/test/java/testScripts/DropDown.feature
14:12:55.093 [main] INFO  com.intuit.karate.Suite - backed up existing 'target\karate-reports' dir to: target\karate-reports_1675327375091
14:13:06.173 [chrome_1675327375890] WARN  com.intuit.karate.shell.Command - exit code was non-zero: 1 - [C:\Program Files\Google\Chrome\Application\chrome.exe, --remote-debugging-port=9222, --no-first-run, --user-data-dir=C:\Users\anshulsonpure\eclipse-workspace\KarateUIAutomation\target\chrome_1675327375890, --disable-popup-blocking] working dir: target\chrome_1675327375890
14:13:07.580 [main] INFO  com.intuit.karate.Suite - <<pass>> feature 1 of 1 (0 remaining) src/test/java/testScripts/DropDown.feature
14:14:33.569 [main] INFO  com.intuit.karate.Suite - backed up existing 'target\karate-reports' dir to: target\karate-reports_1675327473568
14:14:46.386 [chrome_1675327474467] WARN  com.intuit.karate.shell.Command - exit code was non-zero: 1 - [C:\Program Files\Google\Chrome\Application\chrome.exe, --remote-debugging-port=9222, --no-first-run, --user-data-dir=C:\Users\anshulsonpure\eclipse-workspace\KarateUIAutomation\target\chrome_1675327474467, --disable-popup-blocking] working dir: target\chrome_1675327474467
14:14:47.099 [main] INFO  com.intuit.karate.Suite - <<pass>> feature 1 of 1 (0 remaining) src/test/java/testScripts/DropDown.feature
14:15:31.690 [main] INFO  com.intuit.karate.Suite - backed up existing 'target\karate-reports' dir to: target\karate-reports_1675327531689
14:15:43.855 [chrome_1675327532478] WARN  com.intuit.karate.shell.Command - exit code was non-zero: 1 - [C:\Program Files\Google\Chrome\Application\chrome.exe, --remote-debugging-port=9222, --no-first-run, --user-data-dir=C:\Users\anshulsonpure\eclipse-workspace\KarateUIAutomation\target\chrome_1675327532478, --disable-popup-blocking] working dir: target\chrome_1675327532478
14:15:44.833 [main] INFO  com.intuit.karate.Suite - <<pass>> feature 1 of 1 (0 remaining) src/test/java/testScripts/DropDown.feature
14:17:44.341 [main] INFO  com.intuit.karate.Suite - backed up existing 'target\karate-reports' dir to: target\karate-reports_1675327664340
14:17:56.636 [chrome_1675327665240] WARN  com.intuit.karate.shell.Command - exit code was non-zero: 1 - [C:\Program Files\Google\Chrome\Application\chrome.exe, --remote-debugging-port=9222, --no-first-run, --user-data-dir=C:\Users\anshulsonpure\eclipse-workspace\KarateUIAutomation\target\chrome_1675327665240, --disable-popup-blocking] working dir: target\chrome_1675327665240
14:17:57.628 [main] INFO  com.intuit.karate.Suite - <<pass>> feature 1 of 1 (0 remaining) src/test/java/testScripts/DropDown.feature
14:18:07.992 [main] INFO  com.intuit.karate.Suite - backed up existing 'target\karate-reports' dir to: target\karate-reports_1675327687991
14:18:20.003 [chrome_1675327688810] WARN  com.intuit.karate.shell.Command - exit code was non-zero: 1 - [C:\Program Files\Google\Chrome\Application\chrome.exe, --remote-debugging-port=9222, --no-first-run, --user-data-dir=C:\Users\anshulsonpure\eclipse-workspace\KarateUIAutomation\target\chrome_1675327688810, --disable-popup-blocking] working dir: target\chrome_1675327688810
14:18:21.500 [main] INFO  com.intuit.karate.Suite - <<pass>> feature 1 of 1 (0 remaining) src/test/java/testScripts/DropDown.feature
14:20:28.495 [main] INFO  com.intuit.karate.Suite - backed up existing 'target\karate-reports' dir to: target\karate-reports_1675327828494
14:20:57.099 [chrome_1675327829417] WARN  com.intuit.karate.shell.Command - exit code was non-zero: 1 - [C:\Program Files\Google\Chrome\Application\chrome.exe, --remote-debugging-port=9222, --no-first-run, --user-data-dir=C:\Users\anshulsonpure\eclipse-workspace\KarateUIAutomation\target\chrome_1675327829417, --disable-popup-blocking] working dir: target\chrome_1675327829417
14:20:58.537 [main] INFO  com.intuit.karate.Suite - <<pass>> feature 1 of 1 (0 remaining) src/test/java/testScripts/DropDown.feature
14:49:38.036 [main] INFO  com.intuit.karate.Suite - backed up existing 'target\karate-reports' dir to: target\karate-reports_1675329578023
14:49:53.039 [chrome_1675329578851] WARN  com.intuit.karate.shell.Command - exit code was non-zero: 1 - [C:\Program Files\Google\Chrome\Application\chrome.exe, --remote-debugging-port=9222, --no-first-run, --user-data-dir=C:\Users\anshulsonpure\eclipse-workspace\KarateUIAutomation\target\chrome_1675329578851, --disable-popup-blocking] working dir: target\chrome_1675329578851
14:49:54.423 [main] INFO  com.intuit.karate.Suite - <<pass>> feature 1 of 1 (0 remaining) src/test/java/testScripts/NewBrowserWindow.feature
14:50:13.646 [main] INFO  com.intuit.karate.Suite - backed up existing 'target\karate-reports' dir to: target\karate-reports_1675329613644
14:50:25.939 [chrome_1675329614394] WARN  com.intuit.karate.shell.Command - exit code was non-zero: 1 - [C:\Program Files\Google\Chrome\Application\chrome.exe, --remote-debugging-port=9222, --no-first-run, --user-data-dir=C:\Users\anshulsonpure\eclipse-workspace\KarateUIAutomation\target\chrome_1675329614394, --disable-popup-blocking] working dir: target\chrome_1675329614394
14:50:27.399 [main] INFO  com.intuit.karate.Suite - <<pass>> feature 1 of 1 (0 remaining) src/test/java/testScripts/NewBrowserWindow.feature
14:52:54.154 [main] INFO  com.intuit.karate.Suite - backed up existing 'target\karate-reports' dir to: target\karate-reports_1675329774152
14:53:08.897 [chrome_1675329774977] WARN  com.intuit.karate.shell.Command - exit code was non-zero: 1 - [C:\Program Files\Google\Chrome\Application\chrome.exe, --remote-debugging-port=9222, --no-first-run, --user-data-dir=C:\Users\anshulsonpure\eclipse-workspace\KarateUIAutomation\target\chrome_1675329774977, --disable-popup-blocking] working dir: target\chrome_1675329774977
14:53:10.336 [main] INFO  com.intuit.karate.Suite - <<pass>> feature 1 of 1 (0 remaining) src/test/java/testScripts/NewBrowserWindow.feature
14:53:23.834 [main] INFO  com.intuit.karate.Suite - backed up existing 'target\karate-reports' dir to: target\karate-reports_1675329803833
14:53:41.622 [chrome_1675329804607] WARN  com.intuit.karate.shell.Command - exit code was non-zero: 1 - [C:\Program Files\Google\Chrome\Application\chrome.exe, --remote-debugging-port=9222, --no-first-run, --user-data-dir=C:\Users\anshulsonpure\eclipse-workspace\KarateUIAutomation\target\chrome_1675329804607, --disable-popup-blocking] working dir: target\chrome_1675329804607
14:53:43.086 [main] INFO  com.intuit.karate.Suite - <<pass>> feature 1 of 1 (0 remaining) src/test/java/testScripts/NewBrowserWindow.feature
19:45:28.293 [main] INFO  com.intuit.karate.Suite - backed up existing 'target\karate-reports' dir to: target\karate-reports_1675347328292
19:45:36.341 [nioEventLoopGroup-2-1] WARN  c.intuit.karate.driver.DriverOptions - devtools error: [id: 12, sessionId: 84D41A9C97B44DA879A2BE78F4C7CEAC, error: {code=-32602, message=No target with given id found}]
19:45:36.344 [nioEventLoopGroup-2-1] WARN  c.intuit.karate.driver.DriverOptions - devtools error: [id: 13, error: {code=-32602, message=No target with given id found}]
19:45:38.404 [main] ERROR com.intuit.karate - src/test/java/testScripts/SwitchFrames.feature:13
And click("//*[@id="tinymce"]/p")
js failed:
>>>>
01: click("//*[@id="tinymce"]/p")
<<<<
org.graalvm.polyglot.PolyglotException: SyntaxError: Unnamed:1:16 Expected , but found tinymce
click("//*[@id="tinymce"]/p")
                ^

- org.graalvm.polyglot.Context.eval(Context.java:425)
- com.intuit.karate.graal.JsEngine.evalForValue(JsEngine.java:139)
- com.intuit.karate.graal.JsEngine.eval(JsEngine.java:135)
- com.intuit.karate.core.ScenarioEngine.evalJs(ScenarioEngine.java:1190)
- com.intuit.karate.ScenarioActions.eval(ScenarioActions.java:388)
- java.base/jdk.internal.reflect.NativeMethodAccessorImpl.invoke0(Native Method)
- java.base/jdk.internal.reflect.NativeMethodAccessorImpl.invoke(NativeMethodAccessorImpl.java:77)

src/test/java/testScripts/SwitchFrames.feature:13
19:45:38.624 [chrome_1675347329087] WARN  com.intuit.karate.shell.Command - exit code was non-zero: 1 - [C:\Program Files\Google\Chrome\Application\chrome.exe, --remote-debugging-port=9222, --no-first-run, --user-data-dir=C:\Users\anshulsonpure\eclipse-workspace\KarateUIAutomation\target\chrome_1675347329087, --disable-popup-blocking] working dir: target\chrome_1675347329087
19:45:40.204 [main] INFO  com.intuit.karate.Suite - <<fail>> feature 1 of 1 (0 remaining) src/test/java/testScripts/SwitchFrames.feature
19:46:43.735 [main] INFO  com.intuit.karate.Suite - backed up existing 'target\karate-reports' dir to: target\karate-reports_1675347403733
19:46:51.935 [nioEventLoopGroup-2-1] WARN  c.intuit.karate.driver.DriverOptions - devtools error: [id: 12, sessionId: 2A62AD92A23CF71A8667DDB8751D788B, error: {code=-32602, message=No target with given id found}]
19:46:51.939 [nioEventLoopGroup-2-1] WARN  c.intuit.karate.driver.DriverOptions - devtools error: [id: 13, error: {code=-32602, message=No target with given id found}]
19:46:56.220 [chrome_1675347404497] WARN  com.intuit.karate.shell.Command - exit code was non-zero: 1 - [C:\Program Files\Google\Chrome\Application\chrome.exe, --remote-debugging-port=9222, --no-first-run, --user-data-dir=C:\Users\anshulsonpure\eclipse-workspace\KarateUIAutomation\target\chrome_1675347404497, --disable-popup-blocking] working dir: target\chrome_1675347404497
19:46:57.509 [main] INFO  com.intuit.karate.Suite - <<pass>> feature 1 of 1 (0 remaining) src/test/java/testScripts/SwitchFrames.feature
19:48:06.659 [main] INFO  com.intuit.karate.Suite - backed up existing 'target\karate-reports' dir to: target\karate-reports_1675347486658
19:48:15.137 [nioEventLoopGroup-2-1] WARN  c.intuit.karate.driver.DriverOptions - devtools error: [id: 12, sessionId: A4648A0E5820B363ECD9A4A860DAD627, error: {code=-32602, message=No target with given id found}]
19:48:15.140 [nioEventLoopGroup-2-1] WARN  c.intuit.karate.driver.DriverOptions - devtools error: [id: 13, error: {code=-32602, message=No target with given id found}]
19:48:20.435 [chrome_1675347487533] WARN  com.intuit.karate.shell.Command - exit code was non-zero: 1 - [C:\Program Files\Google\Chrome\Application\chrome.exe, --remote-debugging-port=9222, --no-first-run, --user-data-dir=C:\Users\anshulsonpure\eclipse-workspace\KarateUIAutomation\target\chrome_1675347487533, --disable-popup-blocking] working dir: target\chrome_1675347487533
19:48:20.965 [main] INFO  com.intuit.karate.Suite - <<pass>> feature 1 of 1 (0 remaining) src/test/java/testScripts/SwitchFrames.feature
19:52:51.080 [main] INFO  com.intuit.karate.Suite - backed up existing 'target\karate-reports' dir to: target\karate-reports_1675347771078
19:53:00.700 [nioEventLoopGroup-2-1] WARN  c.intuit.karate.driver.DriverOptions - devtools error: [id: 12, sessionId: 17C34AF5D9DEB4F29615146E39B05634, error: {code=-32602, message=No target with given id found}]
19:53:00.704 [nioEventLoopGroup-2-1] WARN  c.intuit.karate.driver.DriverOptions - devtools error: [id: 13, error: {code=-32602, message=No target with given id found}]
19:53:06.045 [chrome_1675347771836] WARN  com.intuit.karate.shell.Command - exit code was non-zero: 1 - [C:\Program Files\Google\Chrome\Application\chrome.exe, --remote-debugging-port=9222, --no-first-run, --user-data-dir=C:\Users\anshulsonpure\eclipse-workspace\KarateUIAutomation\target\chrome_1675347771836, --disable-popup-blocking] working dir: target\chrome_1675347771836
19:53:07.460 [main] INFO  com.intuit.karate.Suite - <<pass>> feature 1 of 1 (0 remaining) src/test/java/testScripts/SwitchFrames.feature
19:55:23.922 [main] INFO  com.intuit.karate.Suite - backed up existing 'target\karate-reports' dir to: target\karate-reports_1675347923921
19:55:32.228 [nioEventLoopGroup-2-1] WARN  c.intuit.karate.driver.DriverOptions - devtools error: [id: 12, sessionId: 479C0C5561634E0E9E6497EF9B209B5A, error: {code=-32602, message=No target with given id found}]
19:55:32.232 [nioEventLoopGroup-2-1] WARN  c.intuit.karate.driver.DriverOptions - devtools error: [id: 13, error: {code=-32602, message=No target with given id found}]
19:55:37.262 [nioEventLoopGroup-2-1] WARN  c.intuit.karate.driver.DriverOptions - devtools error: [id: 15, sessionId: 479C0C5561634E0E9E6497EF9B209B5A, result: [type: MAP, value: {type=object, subtype=error, className=TypeError, description=TypeError: Cannot read properties of null (reading 'click')
    at <anonymous>:1:88, objectId=-8082149202350353819.2.1}]]
19:55:37.263 [main] WARN  c.intuit.karate.driver.DriverOptions - js eval failed once:document.evaluate("//iframe[@id='mce_0_ifr']", document, null, 9, null).singleNodeValue.click(), error: [type: MAP, value: {type=object, subtype=error, className=TypeError, description=TypeError: Cannot read properties of null (reading 'click')
    at <anonymous>:1:88, objectId=-8082149202350353819.2.1}]
19:55:40.281 [nioEventLoopGroup-2-1] WARN  c.intuit.karate.driver.DriverOptions - devtools error: [id: 16, sessionId: 479C0C5561634E0E9E6497EF9B209B5A, result: [type: MAP, value: {type=object, subtype=error, className=TypeError, description=TypeError: Cannot read properties of null (reading 'click')
    at <anonymous>:1:88, objectId=-8082149202350353819.2.3}]]
19:55:40.282 [main] ERROR c.intuit.karate.driver.DriverOptions - js eval failed twice:document.evaluate("//iframe[@id='mce_0_ifr']", document, null, 9, null).singleNodeValue.click(), error: [type: MAP, value: {type=object, subtype=error, className=TypeError, description=TypeError: Cannot read properties of null (reading 'click')
    at <anonymous>:1:88, objectId=-8082149202350353819.2.3}]
19:55:40.304 [main] ERROR com.intuit.karate - src/test/java/testScripts/SwitchFrames.feature:13
And click("//iframe[@id='mce_0_ifr']")
js failed:
>>>>
01: click("//iframe[@id='mce_0_ifr']")
<<<<
org.graalvm.polyglot.PolyglotException: js eval failed twice:document.evaluate("//iframe[@id='mce_0_ifr']", document, null, 9, null).singleNodeValue.click(), error: [type: MAP, value: {type=object, subtype=error, className=TypeError, description=TypeError: Cannot read properties of null (reading 'click')
    at <anonymous>:1:88, objectId=-8082149202350353819.2.3}]
- com.intuit.karate.driver.DevToolsDriver.evalInternal(DevToolsDriver.java:348)
- com.intuit.karate.driver.DevToolsDriver.eval(DevToolsDriver.java:322)
- com.intuit.karate.driver.DevToolsDriver.click(DevToolsDriver.java:550)
- <js>.:anonymous(Unnamed:1)

src/test/java/testScripts/SwitchFrames.feature:13
19:55:40.577 [chrome_1675347924680] WARN  com.intuit.karate.shell.Command - exit code was non-zero: 1 - [C:\Program Files\Google\Chrome\Application\chrome.exe, --remote-debugging-port=9222, --no-first-run, --user-data-dir=C:\Users\anshulsonpure\eclipse-workspace\KarateUIAutomation\target\chrome_1675347924680, --disable-popup-blocking] working dir: target\chrome_1675347924680
19:55:42.007 [main] INFO  com.intuit.karate.Suite - <<fail>> feature 1 of 1 (0 remaining) src/test/java/testScripts/SwitchFrames.feature
19:57:38.233 [main] INFO  com.intuit.karate.Suite - backed up existing 'target\karate-reports' dir to: target\karate-reports_1675348058231
19:57:46.443 [nioEventLoopGroup-2-1] WARN  c.intuit.karate.driver.DriverOptions - devtools error: [id: 12, sessionId: 6AC5EF726CBE73B9824283F02DF3CFD4, error: {code=-32602, message=No target with given id found}]
19:57:46.446 [nioEventLoopGroup-2-1] WARN  c.intuit.karate.driver.DriverOptions - devtools error: [id: 13, error: {code=-32602, message=No target with given id found}]
19:57:51.493 [main] ERROR com.intuit.karate - src/test/java/testScripts/SwitchFrames.feature:13
And click("//*[@id="tinymce"]/p")
js failed:
>>>>
01: click("//*[@id="tinymce"]/p")
<<<<
org.graalvm.polyglot.PolyglotException: SyntaxError: Unnamed:1:16 Expected , but found tinymce
click("//*[@id="tinymce"]/p")
                ^

- org.graalvm.polyglot.Context.eval(Context.java:425)
- com.intuit.karate.graal.JsEngine.evalForValue(JsEngine.java:139)
- com.intuit.karate.graal.JsEngine.eval(JsEngine.java:135)
- com.intuit.karate.core.ScenarioEngine.evalJs(ScenarioEngine.java:1190)
- com.intuit.karate.ScenarioActions.eval(ScenarioActions.java:388)
- java.base/jdk.internal.reflect.NativeMethodAccessorImpl.invoke0(Native Method)
- java.base/jdk.internal.reflect.NativeMethodAccessorImpl.invoke(NativeMethodAccessorImpl.java:77)

src/test/java/testScripts/SwitchFrames.feature:13
19:57:51.775 [chrome_1675348059008] WARN  com.intuit.karate.shell.Command - exit code was non-zero: 1 - [C:\Program Files\Google\Chrome\Application\chrome.exe, --remote-debugging-port=9222, --no-first-run, --user-data-dir=C:\Users\anshulsonpure\eclipse-workspace\KarateUIAutomation\target\chrome_1675348059008, --disable-popup-blocking] working dir: target\chrome_1675348059008
19:57:52.315 [main] INFO  com.intuit.karate.Suite - <<fail>> feature 1 of 1 (0 remaining) src/test/java/testScripts/SwitchFrames.feature
19:58:25.489 [main] INFO  com.intuit.karate.Suite - backed up existing 'target\karate-reports' dir to: target\karate-reports_1675348105488
19:58:34.658 [nioEventLoopGroup-2-1] WARN  c.intuit.karate.driver.DriverOptions - devtools error: [id: 12, sessionId: EC24BBFD1F9253689984854D02486194, error: {code=-32602, message=No target with given id found}]
19:58:34.662 [nioEventLoopGroup-2-1] WARN  c.intuit.karate.driver.DriverOptions - devtools error: [id: 13, error: {code=-32602, message=No target with given id found}]
19:58:44.964 [chrome_1675348106312] WARN  com.intuit.karate.shell.Command - exit code was non-zero: 1 - [C:\Program Files\Google\Chrome\Application\chrome.exe, --remote-debugging-port=9222, --no-first-run, --user-data-dir=C:\Users\anshulsonpure\eclipse-workspace\KarateUIAutomation\target\chrome_1675348106312, --disable-popup-blocking] working dir: target\chrome_1675348106312
19:58:46.376 [main] INFO  com.intuit.karate.Suite - <<pass>> feature 1 of 1 (0 remaining) src/test/java/testScripts/SwitchFrames.feature
20:14:16.779 [main] INFO  com.intuit.karate.Suite - backed up existing 'target\karate-reports' dir to: target\karate-reports_1675349056778
20:14:26.745 [nioEventLoopGroup-2-1] WARN  c.intuit.karate.driver.DriverOptions - devtools error: [id: 12, sessionId: 836A11A8D8FC52018FF24C8588112AED, error: {code=-32602, message=No target with given id found}]
20:14:26.749 [nioEventLoopGroup-2-1] WARN  c.intuit.karate.driver.DriverOptions - devtools error: [id: 13, error: {code=-32602, message=No target with given id found}]
20:14:31.785 [nioEventLoopGroup-2-1] WARN  c.intuit.karate.driver.DriverOptions - devtools error: [id: 15, sessionId: 836A11A8D8FC52018FF24C8588112AED, result: [type: MAP, value: {type=object, subtype=error, className=TypeError, description=TypeError: Cannot read properties of null (reading 'click')
    at <anonymous>:1:86, objectId=8034147961965232226.2.1}]]
20:14:31.786 [main] WARN  c.intuit.karate.driver.DriverOptions - js eval failed once:document.evaluate("//*[@id='tinymce']/p/br", document, null, 9, null).singleNodeValue.click(), error: [type: MAP, value: {type=object, subtype=error, className=TypeError, description=TypeError: Cannot read properties of null (reading 'click')
    at <anonymous>:1:86, objectId=8034147961965232226.2.1}]
20:14:34.803 [nioEventLoopGroup-2-1] WARN  c.intuit.karate.driver.DriverOptions - devtools error: [id: 16, sessionId: 836A11A8D8FC52018FF24C8588112AED, result: [type: MAP, value: {type=object, subtype=error, className=TypeError, description=TypeError: Cannot read properties of null (reading 'click')
    at <anonymous>:1:86, objectId=8034147961965232226.2.3}]]
20:14:34.803 [main] ERROR c.intuit.karate.driver.DriverOptions - js eval failed twice:document.evaluate("//*[@id='tinymce']/p/br", document, null, 9, null).singleNodeValue.click(), error: [type: MAP, value: {type=object, subtype=error, className=TypeError, description=TypeError: Cannot read properties of null (reading 'click')
    at <anonymous>:1:86, objectId=8034147961965232226.2.3}]
20:14:34.835 [main] ERROR com.intuit.karate - src/test/java/testScripts/SwitchFrames.feature:13
And click("//*[@id='tinymce']/p/br")
js failed:
>>>>
01: click("//*[@id='tinymce']/p/br")
<<<<
org.graalvm.polyglot.PolyglotException: js eval failed twice:document.evaluate("//*[@id='tinymce']/p/br", document, null, 9, null).singleNodeValue.click(), error: [type: MAP, value: {type=object, subtype=error, className=TypeError, description=TypeError: Cannot read properties of null (reading 'click')
    at <anonymous>:1:86, objectId=8034147961965232226.2.3}]
- com.intuit.karate.driver.DevToolsDriver.evalInternal(DevToolsDriver.java:348)
- com.intuit.karate.driver.DevToolsDriver.eval(DevToolsDriver.java:322)
- com.intuit.karate.driver.DevToolsDriver.click(DevToolsDriver.java:550)
- <js>.:anonymous(Unnamed:1)

src/test/java/testScripts/SwitchFrames.feature:13
20:14:35.110 [chrome_1675349057583] WARN  com.intuit.karate.shell.Command - exit code was non-zero: 1 - [C:\Program Files\Google\Chrome\Application\chrome.exe, --remote-debugging-port=9222, --no-first-run, --user-data-dir=C:\Users\anshulsonpure\eclipse-workspace\KarateUIAutomation\target\chrome_1675349057583, --disable-popup-blocking] working dir: target\chrome_1675349057583
20:14:36.584 [main] INFO  com.intuit.karate.Suite - <<fail>> feature 1 of 1 (0 remaining) src/test/java/testScripts/SwitchFrames.feature
20:17:28.678 [main] INFO  com.intuit.karate.Suite - backed up existing 'target\karate-reports' dir to: target\karate-reports_1675349248676
20:17:29.473 [main] WARN  com.intuit.karate - unknown driver type: firefox, defaulting to 'chrome'
20:17:37.529 [nioEventLoopGroup-2-1] WARN  c.intuit.karate.driver.DriverOptions - devtools error: [id: 12, sessionId: 0AD96E90658CBD2EB71133B2C0F4E7C8, error: {code=-32602, message=No target with given id found}]
20:17:37.534 [nioEventLoopGroup-2-1] WARN  c.intuit.karate.driver.DriverOptions - devtools error: [id: 13, error: {code=-32602, message=No target with given id found}]
20:18:17.581 [main] ERROR c.intuit.karate.driver.DriverOptions - << timed out after milliseconds: 30000 - [id: 16, sessionId: 0AD96E90658CBD2EB71133B2C0F4E7C8, method: Runtime.evaluate, params: {"expression":"var e = document.evaluate(\"//*[@id='tinymce']/p\", document, null, 9, null).singleNodeValue; e.focus(); try { e.selectionStart = e.selectionEnd = e.value.length } catch(x) {}","returnByValue":true,"contextId":2}]
20:18:17.593 [main] ERROR com.intuit.karate - src/test/java/testScripts/SwitchFrames.feature:15
And input("//*[@id='tinymce']/p",'Hello World')
js failed:
>>>>
01: input("//*[@id='tinymce']/p",'Hello World')
<<<<
org.graalvm.polyglot.PolyglotException: failed to get reply for: [id: 16, sessionId: 0AD96E90658CBD2EB71133B2C0F4E7C8, method: Runtime.evaluate, params: {"expression":"var e = document.evaluate(\"//*[@id='tinymce']/p\", document, null, 9, null).singleNodeValue; e.focus(); try { e.selectionStart = e.selectionEnd = e.value.length } catch(x) {}","returnByValue":true,"contextId":2}]
- com.intuit.karate.driver.DevToolsDriver.sendAndWait(DevToolsDriver.java:176)
- com.intuit.karate.driver.DevToolsMessage.send(DevToolsMessage.java:213)
- com.intuit.karate.driver.DevToolsMessage.send(DevToolsMessage.java:209)
- com.intuit.karate.driver.DevToolsDriver.evalOnce(DevToolsDriver.java:318)
- com.intuit.karate.driver.DevToolsDriver.evalInternal(DevToolsDriver.java:337)
- com.intuit.karate.driver.DevToolsDriver.eval(DevToolsDriver.java:322)
- com.intuit.karate.driver.DevToolsDriver.input(DevToolsDriver.java:626)

src/test/java/testScripts/SwitchFrames.feature:15
20:18:18.748 [main] WARN  com.intuit.karate - unknown driver type: firefox, defaulting to 'chrome'
20:18:25.577 [nioEventLoopGroup-2-1] WARN  c.i.k.driver.chrome_1675349298753 - devtools error: [id: 12, sessionId: FAE19C13223D55A6244E21C6E9C28F10, error: {code=-32602, message=No target with given id found}]
20:18:25.581 [nioEventLoopGroup-2-1] WARN  c.i.k.driver.chrome_1675349298753 - devtools error: [id: 13, error: {code=-32602, message=No target with given id found}]
20:18:47.595 [main] ERROR c.intuit.karate.driver.DriverOptions - << timed out after milliseconds: 30000 - [id: 17, sessionId: 0AD96E90658CBD2EB71133B2C0F4E7C8, method: Page.captureScreenshot]
20:18:47.597 [main] ERROR c.intuit.karate.driver.DriverOptions - screenshot failed: failed to get reply for: [id: 17, sessionId: 0AD96E90658CBD2EB71133B2C0F4E7C8, method: Page.captureScreenshot]
20:18:48.233 [main] INFO  com.intuit.karate.Suite - <<fail>> feature 1 of 1 (0 remaining) src/test/java/testScripts/SwitchFrames.feature
20:19:00.623 [main] ERROR c.i.k.driver.chrome_1675349298753 - << timed out after milliseconds: 30000 - [id: 15, sessionId: FAE19C13223D55A6244E21C6E9C28F10, method: Runtime.evaluate, params: {"expression":"document.evaluate(\"//*[@id='tinymce']/p\", document, null, 9, null).singleNodeValue.click()","returnByValue":true,"contextId":2}]
20:19:00.654 [main] ERROR com.intuit.karate - src/test/java/testScripts/SwitchFrames.feature:13
And click("//*[@id='tinymce']/p")
js failed:
>>>>
01: click("//*[@id='tinymce']/p")
<<<<
org.graalvm.polyglot.PolyglotException: failed to get reply for: [id: 15, sessionId: FAE19C13223D55A6244E21C6E9C28F10, method: Runtime.evaluate, params: {"expression":"document.evaluate(\"//*[@id='tinymce']/p\", document, null, 9, null).singleNodeValue.click()","returnByValue":true,"contextId":2}]
- com.intuit.karate.driver.DevToolsDriver.sendAndWait(DevToolsDriver.java:176)
- com.intuit.karate.driver.DevToolsMessage.send(DevToolsMessage.java:213)
- com.intuit.karate.driver.DevToolsMessage.send(DevToolsMessage.java:209)
- com.intuit.karate.driver.DevToolsDriver.evalOnce(DevToolsDriver.java:318)
- com.intuit.karate.driver.DevToolsDriver.evalInternal(DevToolsDriver.java:337)
- com.intuit.karate.driver.DevToolsDriver.eval(DevToolsDriver.java:322)
- com.intuit.karate.driver.DevToolsDriver.click(DevToolsDriver.java:550)

src/test/java/testScripts/SwitchFrames.feature:13
20:19:30.659 [main] ERROR c.i.k.driver.chrome_1675349298753 - << timed out after milliseconds: 30000 - [id: 16, sessionId: FAE19C13223D55A6244E21C6E9C28F10, method: Page.captureScreenshot]
20:19:30.660 [main] ERROR c.i.k.driver.chrome_1675349298753 - screenshot failed: failed to get reply for: [id: 16, sessionId: FAE19C13223D55A6244E21C6E9C28F10, method: Page.captureScreenshot]
20:19:32.295 [main] INFO  com.intuit.karate.Suite - <<fail>> feature 1 of 1 (0 remaining) src/test/java/testScripts/SwitchFrames.feature
20:19:45.508 [main] INFO  com.intuit.karate.Suite - backed up existing 'target\karate-reports' dir to: target\karate-reports_1675349385507
20:19:46.276 [geckodriver_1675349386263] ERROR com.intuit.karate.shell.Command - command error: [geckodriver, --port=4444] - Cannot run program "geckodriver" (in directory "target\geckodriver_1675349386263"): CreateProcess error=2, The system cannot find the file specified
20:19:51.804 [main] ERROR com.intuit.karate - driver config / start failed: start failed, options: {type=geckodriver, target=null}
com.intuit.karate.KarateException: start failed
	at com.intuit.karate.driver.DriverOptions.startProcess(DriverOptions.java:285)
	at com.intuit.karate.driver.DriverOptions.startProcess(DriverOptions.java:260)
	at com.intuit.karate.driver.WebDriver.<init>(WebDriver.java:58)
	at com.intuit.karate.driver.firefox.GeckoWebDriver.<init>(GeckoWebDriver.java:42)
	at com.intuit.karate.driver.firefox.GeckoWebDriver.start(GeckoWebDriver.java:48)
	at com.intuit.karate.driver.DriverOptions.start(DriverOptions.java:316)
	at com.intuit.karate.core.ScenarioEngine.driver(ScenarioEngine.java:881)
	at com.intuit.karate.ScenarioActions.driver(ScenarioActions.java:426)
	at java.base/jdk.internal.reflect.NativeMethodAccessorImpl.invoke0(Native Method)
	at java.base/jdk.internal.reflect.NativeMethodAccessorImpl.invoke(NativeMethodAccessorImpl.java:77)
	at java.base/jdk.internal.reflect.DelegatingMethodAccessorImpl.invoke(DelegatingMethodAccessorImpl.java:43)
	at java.base/java.lang.reflect.Method.invoke(Method.java:568)
	at com.intuit.karate.core.StepRuntime.execute(StepRuntime.java:296)
	at com.intuit.karate.core.ScenarioRuntime.execute(ScenarioRuntime.java:437)
	at com.intuit.karate.core.ScenarioRuntime.run(ScenarioRuntime.java:388)
	at com.intuit.karate.core.FeatureRuntime.processScenario(FeatureRuntime.java:196)
	at java.base/java.util.stream.ReferencePipeline$2$1.accept(ReferencePipeline.java:179)
	at com.intuit.karate.core.ScenarioIterator.tryAdvance(ScenarioIterator.java:158)
	at java.base/java.util.Spliterator.forEachRemaining(Spliterator.java:332)
	at java.base/java.util.stream.AbstractPipeline.copyInto(AbstractPipeline.java:509)
	at java.base/java.util.stream.AbstractPipeline.wrapAndCopyInto(AbstractPipeline.java:499)
	at java.base/java.util.stream.StreamSpliterators$WrappingSpliterator.forEachRemaining(StreamSpliterators.java:310)
	at java.base/java.util.Spliterators$1Adapter.forEachRemaining(Spliterators.java:706)
	at com.intuit.karate.core.FeatureRuntime.run(FeatureRuntime.java:179)
	at java.base/java.util.concurrent.Executors$RunnableAdapter.call(Executors.java:539)
	at java.base/java.util.concurrent.FutureTask.run(FutureTask.java:264)
	at com.intuit.karate.core.SyncExecutorService.execute(SyncExecutorService.java:70)
	at java.base/java.util.concurrent.AbstractExecutorService.submit(AbstractExecutorService.java:123)
	at com.intuit.karate.Suite.run(Suite.java:237)
	at com.intuit.karate.Runner$Builder.parallel(Runner.java:496)
	at com.intuit.karate.cli.IdeMain.main(IdeMain.java:60)
	at cucumber.api.cli.Main.main(Main.java:34)
Caused by: java.io.IOException: Cannot run program "geckodriver" (in directory "target\geckodriver_1675349386263"): CreateProcess error=2, The system cannot find the file specified
	at java.base/java.lang.ProcessBuilder.start(ProcessBuilder.java:1143)
	at java.base/java.lang.ProcessBuilder.start(ProcessBuilder.java:1073)
	at com.intuit.karate.shell.Command.run(Command.java:355)
Caused by: java.io.IOException: CreateProcess error=2, The system cannot find the file specified
	at java.base/java.lang.ProcessImpl.create(Native Method)
	at java.base/java.lang.ProcessImpl.<init>(ProcessImpl.java:499)
	at java.base/java.lang.ProcessImpl.start(ProcessImpl.java:158)
	at java.base/java.lang.ProcessBuilder.start(ProcessBuilder.java:1110)
	... 2 common frames omitted
20:19:51.807 [main] ERROR com.intuit.karate - src/test/java/testScripts/SwitchFrames.feature:8
Given driver 'https://the-internet.herokuapp.com/iframe'
driver config / start failed: start failed, options: {type=geckodriver, target=null}
src/test/java/testScripts/SwitchFrames.feature:8
20:19:52.403 [main] INFO  com.intuit.karate.Suite - <<fail>> feature 1 of 1 (0 remaining) src/test/java/testScripts/SwitchFrames.feature
20:21:32.109 [main] INFO  com.intuit.karate.Suite - backed up existing 'target\karate-reports' dir to: target\karate-reports_1675349492108
20:21:32.822 [main] WARN  com.intuit.karate - type was null, defaulting to 'chrome'
16:42:34.763 [main] WARN  com.intuit.karate - type was null, defaulting to 'chrome'
16:42:54.153 [main] WARN  c.intuit.karate.driver.DriverOptions - eval for object id: document.evaluate("//iframe[@title='Rich Text Area']", document, null, 9, null).singleNodeValue: failed after 3 retries and 9036 milliseconds
16:42:54.170 [main] ERROR com.intuit.karate - src/test/java/testScripts/SwitchFrames.feature:9
And switchFrame("//iframe[@title='Rich Text Area']")
js failed:
>>>>
01: switchFrame("//iframe[@title='Rich Text Area']")
<<<<
org.graalvm.polyglot.PolyglotException: eval for object id: document.evaluate("//iframe[@title='Rich Text Area']", document, null, 9, null).singleNodeValue: failed after 3 retries and 9036 milliseconds
- com.intuit.karate.driver.DriverOptions.retry(DriverOptions.java:517)
- com.intuit.karate.driver.DevToolsDriver.evalForObjectId(DevToolsDriver.java:330)
- com.intuit.karate.driver.DevToolsDriver.switchFrame(DevToolsDriver.java:991)
- <js>.:anonymous(Unnamed:1)

src/test/java/testScripts/SwitchFrames.feature:9
16:43:00.764 [chrome_1675422754771] WARN  com.intuit.karate.shell.Command - exit code was non-zero: 1 - [C:\Program Files\Google\Chrome\Application\chrome.exe, --remote-debugging-port=9222, --no-first-run, --user-data-dir=C:\Users\anshulsonpure\eclipse-workspace\KarateUIAutomation\target\chrome_1675422754771, --disable-popup-blocking] working dir: target\chrome_1675422754771
16:43:01.395 [main] INFO  com.intuit.karate.Suite - <<fail>> feature 1 of 1 (0 remaining) src/test/java/testScripts/SwitchFrames.feature
16:43:07.177 [main] INFO  com.intuit.karate.Suite - backed up existing 'target\karate-reports' dir to: target\karate-reports_1675422787176
16:43:07.898 [main] WARN  com.intuit.karate - type was null, defaulting to 'chrome'
16:43:15.169 [nioEventLoopGroup-2-1] WARN  c.i.k.driver.chrome_1675422787903 - devtools error: [id: 12, sessionId: D1CCF168ADD3509AE2B22C4F04CEDB14, error: {code=-32602, message=No target with given id found}]
16:43:15.173 [nioEventLoopGroup-2-1] WARN  c.i.k.driver.chrome_1675422787903 - devtools error: [id: 13, error: {code=-32602, message=No target with given id found}]
16:43:25.441 [chrome_1675422787903] WARN  com.intuit.karate.shell.Command - exit code was non-zero: 1 - [C:\Program Files\Google\Chrome\Application\chrome.exe, --remote-debugging-port=9222, --no-first-run, --user-data-dir=C:\Users\anshulsonpure\eclipse-workspace\KarateUIAutomation\target\chrome_1675422787903, --disable-popup-blocking] working dir: target\chrome_1675422787903
16:43:26.967 [main] INFO  com.intuit.karate.Suite - <<pass>> feature 1 of 1 (0 remaining) src/test/java/testScripts/SwitchFrames.feature
16:49:09.107 [main] INFO  com.intuit.karate.Suite - backed up existing 'target\karate-reports' dir to: target\karate-reports_1675423149106
16:49:09.912 [main] WARN  com.intuit.karate - type was null, defaulting to 'chrome'
16:49:17.646 [nioEventLoopGroup-2-1] WARN  c.i.k.driver.chrome_1675423149917 - devtools error: [id: 12, sessionId: 70A1E82BC4D0363EA94372D38775F366, error: {code=-32602, message=No target with given id found}]
16:49:17.650 [nioEventLoopGroup-2-1] WARN  c.i.k.driver.chrome_1675423149917 - devtools error: [id: 13, error: {code=-32602, message=No target with given id found}]
16:49:32.980 [chrome_1675423149917] WARN  com.intuit.karate.shell.Command - exit code was non-zero: 1 - [C:\Program Files\Google\Chrome\Application\chrome.exe, --remote-debugging-port=9222, --no-first-run, --user-data-dir=C:\Users\anshulsonpure\eclipse-workspace\KarateUIAutomation\target\chrome_1675423149917, --disable-popup-blocking] working dir: target\chrome_1675423149917
16:49:34.455 [main] INFO  com.intuit.karate.Suite - <<pass>> feature 1 of 1 (0 remaining) src/test/java/testScripts/SwitchFrames.feature
16:51:47.928 [main] INFO  com.intuit.karate.Suite - backed up existing 'target\karate-reports' dir to: target\karate-reports_1675423307926
16:51:54.748 [chrome_1675423308706] WARN  com.intuit.karate.shell.Command - exit code was non-zero: 1 - [C:\Program Files\Google\Chrome\Application\chrome.exe, --remote-debugging-port=9222, --no-first-run, --user-data-dir=C:\Users\anshulsonpure\eclipse-workspace\KarateUIAutomation\target\chrome_1675423308706, --disable-popup-blocking] working dir: target\chrome_1675423308706
16:51:55.357 [main] INFO  com.intuit.karate.Suite - <<pass>> feature 1 of 1 (0 remaining) src/test/java/testScripts/LaunchApp.feature
17:08:02.157 [main] INFO  com.intuit.karate.Suite - backed up existing 'target\karate-reports' dir to: target\karate-reports_1675424282155
17:08:14.054 [chrome_1675424283107] WARN  com.intuit.karate.shell.Command - exit code was non-zero: 1 - [C:\Program Files\Google\Chrome\Application\chrome.exe, --remote-debugging-port=9222, --no-first-run, --user-data-dir=C:\Users\anshulsonpure\eclipse-workspace\KarateUIAutomation\target\chrome_1675424283107, --disable-popup-blocking] working dir: target\chrome_1675424283107
17:08:15.513 [main] INFO  com.intuit.karate.Suite - <<pass>> feature 1 of 1 (0 remaining) src/test/java/testScripts/Alerts.feature
17:09:56.047 [main] INFO  com.intuit.karate.Suite - backed up existing 'target\karate-reports' dir to: target\karate-reports_1675424396046
17:10:11.272 [chrome_1675424396957] WARN  com.intuit.karate.shell.Command - exit code was non-zero: 1 - [C:\Program Files\Google\Chrome\Application\chrome.exe, --remote-debugging-port=9222, --no-first-run, --user-data-dir=C:\Users\anshulsonpure\eclipse-workspace\KarateUIAutomation\target\chrome_1675424396957, --disable-popup-blocking] working dir: target\chrome_1675424396957
17:10:12.807 [main] INFO  com.intuit.karate.Suite - <<pass>> feature 1 of 1 (0 remaining) src/test/java/testScripts/Alerts.feature
17:11:13.662 [main] INFO  com.intuit.karate.Suite - backed up existing 'target\karate-reports' dir to: target\karate-reports_1675424473660
17:11:31.465 [chrome_1675424474601] WARN  com.intuit.karate.shell.Command - exit code was non-zero: 1 - [C:\Program Files\Google\Chrome\Application\chrome.exe, --remote-debugging-port=9222, --no-first-run, --user-data-dir=C:\Users\anshulsonpure\eclipse-workspace\KarateUIAutomation\target\chrome_1675424474601, --disable-popup-blocking] working dir: target\chrome_1675424474601
17:11:32.906 [main] INFO  com.intuit.karate.Suite - <<pass>> feature 1 of 1 (0 remaining) src/test/java/testScripts/Alerts.feature
17:11:56.431 [main] INFO  com.intuit.karate.Suite - backed up existing 'target\karate-reports' dir to: target\karate-reports_1675424516429
17:12:16.244 [chrome_1675424517228] WARN  com.intuit.karate.shell.Command - exit code was non-zero: 1 - [C:\Program Files\Google\Chrome\Application\chrome.exe, --remote-debugging-port=9222, --no-first-run, --user-data-dir=C:\Users\anshulsonpure\eclipse-workspace\KarateUIAutomation\target\chrome_1675424517228, --disable-popup-blocking] working dir: target\chrome_1675424517228
17:12:17.711 [main] INFO  com.intuit.karate.Suite - <<pass>> feature 1 of 1 (0 remaining) src/test/java/testScripts/Alerts.feature
